app/build/intermediates/manifest_merge_blame_file/debug/manifest-merger-blame-debug-report.txt
1<?xml version="1.0" encoding="utf-8"?>
2<manifest xmlns:android="http://schemas.android.com/apk/res/android"
3    package="com.sureemed.hcp"
4    android:versionCode="1"
5    android:versionName="1.0" >
6
7    <uses-sdk
8        android:minSdkVersion="19"
8-->src/main/AndroidManifest.xml
9        android:targetSdkVersion="28" />
9-->src/main/AndroidManifest.xml
10
11    <supports-screens
11-->src/main/AndroidManifest.xml:5:5-10:39
12        android:anyDensity="true"
12-->src/main/AndroidManifest.xml:6:9-34
13        android:largeScreens="true"
13-->src/main/AndroidManifest.xml:7:9-36
14        android:normalScreens="true"
14-->src/main/AndroidManifest.xml:8:9-37
15        android:resizeable="true"
15-->src/main/AndroidManifest.xml:9:9-34
16        android:smallScreens="true" />
16-->src/main/AndroidManifest.xml:10:9-36
17
18    <!-- Barcode(二维码)  begin -->
19    <uses-permission android:name="android.permission.CAMERA" />
19-->src/main/AndroidManifest.xml:13:5-65
19-->src/main/AndroidManifest.xml:13:22-62
20    <uses-permission android:name="android.permission.WRITE_EXTERNAL_STORAGE" />
20-->src/main/AndroidManifest.xml:14:5-81
20-->src/main/AndroidManifest.xml:14:22-78
21
22    <uses-feature android:name="android.hardware.camera" />
22-->src/main/AndroidManifest.xml:16:5-60
22-->src/main/AndroidManifest.xml:16:19-57
23    <uses-feature android:name="android.hardware.camera.autofocus" />
23-->src/main/AndroidManifest.xml:17:5-70
23-->src/main/AndroidManifest.xml:17:19-67
24
25    <uses-permission android:name="android.permission.VIBRATE" />
25-->src/main/AndroidManifest.xml:19:5-66
25-->src/main/AndroidManifest.xml:19:22-63
26    <uses-permission android:name="android.permission.FLASHLIGHT" />
26-->src/main/AndroidManifest.xml:20:5-69
26-->src/main/AndroidManifest.xml:20:22-66
27    <!-- Barcode(二维码)  end -->
28
29    <uses-permission android:name="android.permission.ACCESS_NETWORK_STATE" />
29-->src/main/AndroidManifest.xml:24:5-79
29-->src/main/AndroidManifest.xml:24:22-76
30    <uses-permission android:name="android.permission.WRITE_EXTERNAL_STORAGE" />
30-->src/main/AndroidManifest.xml:14:5-81
30-->src/main/AndroidManifest.xml:14:22-78
31    <uses-permission android:name="android.permission.READ_EXTERNAL_STORAGE" />
31-->src/main/AndroidManifest.xml:26:5-80
31-->src/main/AndroidManifest.xml:26:22-77
32    <uses-permission android:name="android.permission.REPLACE_EXISTING_PACKAGE" />
32-->src/main/AndroidManifest.xml:27:5-82
32-->src/main/AndroidManifest.xml:27:22-80
33    <uses-permission android:name="android.permission.REQUEST_INSTALL_PACKAGES" />
33-->src/main/AndroidManifest.xml:28:5-82
33-->src/main/AndroidManifest.xml:28:22-80
34    <uses-permission android:name="android.permission.MODIFY_AUDIO_SETTINGS" />
34-->src/main/AndroidManifest.xml:30:5-79
34-->src/main/AndroidManifest.xml:30:22-77
35    <uses-permission android:name="android.permission.REQUEST_INSTALL_PACKAGES" />
35-->src/main/AndroidManifest.xml:28:5-82
35-->src/main/AndroidManifest.xml:28:22-80
36
37    <!-- Barcode(二维码)  begin -->
38    <uses-permission android:name="android.permission.CAMERA" />
38-->src/main/AndroidManifest.xml:13:5-65
38-->src/main/AndroidManifest.xml:13:22-62
39    <uses-permission android:name="android.permission.WRITE_EXTERNAL_STORAGE" />
39-->src/main/AndroidManifest.xml:14:5-81
39-->src/main/AndroidManifest.xml:14:22-78
40
41    <uses-feature android:name="android.hardware.camera" />
41-->src/main/AndroidManifest.xml:16:5-60
41-->src/main/AndroidManifest.xml:16:19-57
42    <uses-feature android:name="android.hardware.camera.autofocus" />
42-->src/main/AndroidManifest.xml:17:5-70
42-->src/main/AndroidManifest.xml:17:19-67
43
44    <uses-permission android:name="android.permission.VIBRATE" />
44-->src/main/AndroidManifest.xml:19:5-66
44-->src/main/AndroidManifest.xml:19:22-63
45    <uses-permission android:name="android.permission.FLASHLIGHT" />
45-->src/main/AndroidManifest.xml:20:5-69
45-->src/main/AndroidManifest.xml:20:22-66
46    <!-- Barcode(二维码)  end -->
47
48
49    <!-- Push(推送)只能选择一个推送组件 -->
50    <!-- Push(推送)-MKeyPush begin -->
51    <!--
52    <uses-permission android:name="android.permission.INTERNET"/>
53    <uses-permission android:name="android.permission.ACCESS_WIFI_STATE"/>
54    <uses-permission android:name="android.permission.ACCESS_NETWORK_STATE"/>
55    <uses-permission android:name="android.permission.READ_PHONE_STATE"/>
56    -->
57    <!-- Push(推送)-MKeyPush  end -->
58
59
60    <!-- 小米推送 -->
61    <!--
62    <uses-permission android:name="android.permission.INTERNET"/>
63    <uses-permission android:name="android.permission.ACCESS_NETWORK_STATE"/>
64    <uses-permission android:name="android.permission.ACCESS_WIFI_STATE"/>
65    <uses-permission android:name="android.permission.READ_PHONE_STATE"/>
66    <uses-permission android:name="android.permission.GET_TASKS"/>
67    <uses-permission android:name="android.permission.VIBRATE"/>
68    <uses-permission android:name="android.permission.GET_TASKS"/>
69    <uses-permission android:name="android.permission.INTERACT_ACROSS_USERS_FULL"/>
70    <uses-permission android:name="android.permission.GET_TOP_ACTIVITY_INFO"/>
71    <uses-permission android:name="com.HBuilder.integrate.permission.MIPUSH_RECEIVE"/>
72    <permission android:name="com.HBuilder.integrate.permission.MIPUSH_RECEIVE" android:protectionLevel="signature"/>
73    -->
74    <!-- 小米推送 end -->
75
76
77    <!-- Push(推送)-个推  begin -->
78    <uses-permission android:name="android.permission.INTERNET" />
78-->src/main/AndroidManifest.xml:74:5-67
78-->src/main/AndroidManifest.xml:74:22-64
79    <uses-permission android:name="android.permission.READ_PHONE_STATE" />
79-->src/main/AndroidManifest.xml:75:5-75
79-->src/main/AndroidManifest.xml:75:22-72
80    <uses-permission android:name="android.permission.ACCESS_NETWORK_STATE" />
80-->src/main/AndroidManifest.xml:24:5-79
80-->src/main/AndroidManifest.xml:24:22-76
81    <uses-permission android:name="android.permission.WAKE_LOCK" />
81-->src/main/AndroidManifest.xml:77:5-68
81-->src/main/AndroidManifest.xml:77:22-65
82    <uses-permission android:name="android.permission.RECEIVE_BOOT_COMPLETED" />
82-->src/main/AndroidManifest.xml:78:5-81
82-->src/main/AndroidManifest.xml:78:22-78
83    <uses-permission android:name="android.permission.WRITE_EXTERNAL_STORAGE" />
83-->src/main/AndroidManifest.xml:14:5-81
83-->src/main/AndroidManifest.xml:14:22-78
84    <uses-permission android:name="android.permission.VIBRATE" />
84-->src/main/AndroidManifest.xml:19:5-66
84-->src/main/AndroidManifest.xml:19:22-63
85    <uses-permission android:name="android.permission.ACCESS_WIFI_STATE" />
85-->src/main/AndroidManifest.xml:81:5-76
85-->src/main/AndroidManifest.xml:81:22-73
86    <uses-permission android:name="android.permission.CALL_PHONE" />
86-->src/main/AndroidManifest.xml:82:5-69
86-->src/main/AndroidManifest.xml:82:22-66
87    <!-- Push(推送)-个推    end -->
88
89
90    <!-- Share(分享)  begin -->
91    <!-- Share - 新浪微博分享 -->
92    <uses-permission android:name="android.permission.CHANGE_WIFI_STATE" />
92-->src/main/AndroidManifest.xml:88:5-76
92-->src/main/AndroidManifest.xml:88:22-73
93    <uses-permission android:name="android.permission.ACCESS_WIFI_STATE" />
93-->src/main/AndroidManifest.xml:81:5-76
93-->src/main/AndroidManifest.xml:81:22-73
94    <uses-permission android:name="android.permission.ACCESS_NETWORK_STATE" />
94-->src/main/AndroidManifest.xml:24:5-79
94-->src/main/AndroidManifest.xml:24:22-76
95    <!-- Share - 腾讯微博分享 -->
96    <uses-permission android:name="android.permission.ACCESS_NETWORK_STATE" />
96-->src/main/AndroidManifest.xml:24:5-79
96-->src/main/AndroidManifest.xml:24:22-76
97    <uses-permission android:name="android.permission.ACCESS_WIFI_STATE" />
97-->src/main/AndroidManifest.xml:81:5-76
97-->src/main/AndroidManifest.xml:81:22-73
98    <uses-permission android:name="android.permission.CHANGE_WIFI_STATE" />
98-->src/main/AndroidManifest.xml:88:5-76
98-->src/main/AndroidManifest.xml:88:22-73
99    <uses-permission android:name="android.permission.ACCESS_COARSE_LOCATION" />
99-->src/main/AndroidManifest.xml:95:5-81
99-->src/main/AndroidManifest.xml:95:22-78
100    <uses-permission android:name="android.permission.ACCESS_FINE_LOCATION" />
100-->src/main/AndroidManifest.xml:96:5-79
100-->src/main/AndroidManifest.xml:96:22-76
101    <!-- Share - 微信分享 -->
102    <uses-permission android:name="android.permission.MODIFY_AUDIO_SETTINGS" />
102-->src/main/AndroidManifest.xml:30:5-79
102-->src/main/AndroidManifest.xml:30:22-77
103    <!-- Push(推送)   end -->
104
105
106    <!-- Speech(语音识别)  begin -->
107    <!-- Speech - 讯飞语音云 -->
108    <uses-permission android:name="android.permission.INTERNET" />
108-->src/main/AndroidManifest.xml:74:5-67
108-->src/main/AndroidManifest.xml:74:22-64
109    <uses-permission android:name="android.permission.WRITE_EXTERNAL_STORAGE" />
109-->src/main/AndroidManifest.xml:14:5-81
109-->src/main/AndroidManifest.xml:14:22-78
110    <uses-permission android:name="android.permission.RECORD_AUDIO" />
110-->src/main/AndroidManifest.xml:106:5-71
110-->src/main/AndroidManifest.xml:106:22-68
111    <uses-permission android:name="android.permission.ACCESS_NETWORK_STATE" />
111-->src/main/AndroidManifest.xml:24:5-79
111-->src/main/AndroidManifest.xml:24:22-76
112    <uses-permission android:name="android.permission.ACCESS_WIFI_STATE" />
112-->src/main/AndroidManifest.xml:81:5-76
112-->src/main/AndroidManifest.xml:81:22-73
113    <uses-permission android:name="android.permission.CHANGE_NETWORK_STATE" />
113-->src/main/AndroidManifest.xml:109:5-79
113-->src/main/AndroidManifest.xml:109:22-76
114    <uses-permission android:name="android.permission.READ_PHONE_STATE" />
114-->src/main/AndroidManifest.xml:75:5-75
114-->src/main/AndroidManifest.xml:75:22-72
115    <!-- Speech(语音识别)  end -->
116
117
118    <!-- Statistic(统计)  begin -->
119    <!-- Statistic - 友盟统计 -->
120    <uses-permission android:name="android.permission.READ_LOGS" />
120-->src/main/AndroidManifest.xml:116:5-68
120-->src/main/AndroidManifest.xml:116:22-65
121    <uses-permission android:name="android.permission.RECEIVE_BOOT_COMPLETED" />
121-->src/main/AndroidManifest.xml:78:5-81
121-->src/main/AndroidManifest.xml:78:22-78
122    <uses-permission android:name="android.permission.RECEIVE_USER_PRESENT" />
122-->src/main/AndroidManifest.xml:118:5-79
122-->src/main/AndroidManifest.xml:118:22-76
123    <!-- Statistic(统计)  end -->
124
125
126    <!-- 小米分享 -->
127    <uses-permission android:name="com.xiaomi.permission.AUTH_SERVICE" />
127-->src/main/AndroidManifest.xml:123:5-74
127-->src/main/AndroidManifest.xml:123:22-71
128
129    <!-- 华为 -->
130    <uses-permission android:name="com.huawei.android.launcher.permission.CHANGE_BADGE" />
130-->src/main/AndroidManifest.xml:126:5-90
130-->src/main/AndroidManifest.xml:126:22-88
131    <uses-permission android:name="android.permission.INTERNET" />
131-->src/main/AndroidManifest.xml:74:5-67
131-->src/main/AndroidManifest.xml:74:22-64
132    <!-- 三星 -->
133    <!-- <uses-permission android:name="com.sec.android.provider.badge.permission.READ"/> -->
134    <!-- <uses-permission android:name="com.sec.android.provider.badge.permission.WRITE"/> -->
135    <!-- OPPO -->
136    <uses-permission android:name="com.oppo.launcher.permission.READ_SETTINGS" />
136-->src/main/AndroidManifest.xml:132:5-81
136-->src/main/AndroidManifest.xml:132:22-79
137    <uses-permission android:name="com.oppo.launcher.permission.WRITE_SETTINGS" />
137-->src/main/AndroidManifest.xml:133:5-82
137-->src/main/AndroidManifest.xml:133:22-80
138    <!-- 联想ZUK -->
139    <uses-permission android:name="android.permission.READ_APP_BADGE" />
139-->src/main/AndroidManifest.xml:135:5-72
139-->src/main/AndroidManifest.xml:135:22-70
140    <!-- HTC -->
141    <uses-permission android:name="com.htc.launcher.permission.READ_SETTINGS" />
141-->src/main/AndroidManifest.xml:137:5-80
141-->src/main/AndroidManifest.xml:137:22-78
142    <uses-permission android:name="com.htc.launcher.permission.UPDATE_SHORTCUT" />
142-->src/main/AndroidManifest.xml:138:5-82
142-->src/main/AndroidManifest.xml:138:22-80
143    <uses-permission android:name="com.asus.msa.SupplementaryDID.ACCESS" />
143-->[msa_mdid_1.0.13.aar] AndroidManifest.xml:8:5-76
143-->[msa_mdid_1.0.13.aar] AndroidManifest.xml:8:22-73
144
145    <uses-feature android:name="android.hardware.nfc.hce" />
145-->[:rongim] AndroidManifest.xml:10:5-61
145-->[:rongim] AndroidManifest.xml:10:19-58
146
147    <uses-permission android:name="android.permission.NFC" />
147-->[:rongim] AndroidManifest.xml:18:5-62
147-->[:rongim] AndroidManifest.xml:18:22-59
148    <uses-permission android:name="org.simalliance.openmobileapi.SMARTCARD" />
148-->[:rongim] AndroidManifest.xml:19:5-79
148-->[:rongim] AndroidManifest.xml:19:22-76
149    <uses-permission android:name="android.permission.SYSTEM_ALERT_WINDOW" /> <!-- 拍照等 -->
149-->[:rongim] AndroidManifest.xml:20:5-78
149-->[:rongim] AndroidManifest.xml:20:22-75
150    <uses-permission android:name="android.permission.WRITE_SETTINGS" />
150-->[:IMKit] AndroidManifest.xml:18:5-73
150-->[:IMKit] AndroidManifest.xml:18:22-70
151    <uses-permission android:name="android.permission.INTERACT_ACROSS_USERS_FULL" /> <!-- 使用ActivityManager需要 -->
151-->[:IMKit] AndroidManifest.xml:21:5-85
151-->[:IMKit] AndroidManifest.xml:21:22-82
152    <uses-permission android:name="android.permission.GET_TASKS" />
152-->[:IMKit] AndroidManifest.xml:30:5-68
152-->[:IMKit] AndroidManifest.xml:30:22-65
153
154    <application
154-->src/main/AndroidManifest.xml:143:5-227:19
155        android:name="io.dcloud.application.DCloudApplication"
155-->src/main/AndroidManifest.xml:144:9-63
156        android:allowBackup="true"
156-->src/main/AndroidManifest.xml:145:9-35
157        android:allowClearUserData="true"
157-->src/main/AndroidManifest.xml:146:9-42
158        android:appComponentFactory="android.support.v4.app.CoreComponentFactory"
158-->[com.android.support:support-compat:28.0.0] AndroidManifest.xml:22:18-91
159        android:debuggable="true"
160        android:icon="@drawable/icon"
160-->src/main/AndroidManifest.xml:147:9-38
161        android:label="@string/app_name"
161-->src/main/AndroidManifest.xml:148:9-41
162        android:largeHeap="true"
162-->src/main/AndroidManifest.xml:149:9-33
163        android:supportsRtl="true"
163-->src/main/AndroidManifest.xml:150:9-35
164        android:testOnly="true"
165        android:usesCleartextTraffic="true" >
165-->[lib.5plus.base-release.aar] AndroidManifest.xml:159:9-44
166
167        <!-- 应用入口 -->
168        <activity
168-->src/main/AndroidManifest.xml:153:9-175:20
169            android:name="io.dcloud.PandoraEntry"
169-->src/main/AndroidManifest.xml:154:13-50
170            android:configChanges="orientation|keyboardHidden|screenSize|mcc|mnc|fontScale"
170-->src/main/AndroidManifest.xml:156:13-92
171            android:hardwareAccelerated="true"
171-->src/main/AndroidManifest.xml:157:13-47
172            android:theme="@style/TranslucentTheme"
172-->src/main/AndroidManifest.xml:155:13-52
173            android:windowSoftInputMode="adjustResize" >
173-->src/main/AndroidManifest.xml:158:13-55
174            <intent-filter>
174-->src/main/AndroidManifest.xml:159:13-165:29
175                <data android:scheme="hbuilder" />
175-->src/main/AndroidManifest.xml:160:17-50
175-->src/main/AndroidManifest.xml:160:23-48
176
177                <action android:name="android.intent.action.VIEW" />
177-->src/main/AndroidManifest.xml:161:17-68
177-->src/main/AndroidManifest.xml:161:25-66
178
179                <category android:name="android.intent.category.DEFAULT" />
179-->src/main/AndroidManifest.xml:163:17-75
179-->src/main/AndroidManifest.xml:163:27-73
180                <category android:name="android.intent.category.BROWSABLE" />
180-->src/main/AndroidManifest.xml:164:17-77
180-->src/main/AndroidManifest.xml:164:27-75
181            </intent-filter>
182            <intent-filter>
182-->src/main/AndroidManifest.xml:166:13-170:29
183                <data android:mimeType="image/*" />
183-->src/main/AndroidManifest.xml:160:17-50
183-->src/main/AndroidManifest.xml:167:23-49
184
185                <action android:name="android.intent.action.SEND" />
185-->src/main/AndroidManifest.xml:168:17-68
185-->src/main/AndroidManifest.xml:168:25-66
186
187                <category android:name="android.intent.category.DEFAULT" />
187-->src/main/AndroidManifest.xml:163:17-75
187-->src/main/AndroidManifest.xml:163:27-73
188            </intent-filter>
189            <intent-filter>
189-->src/main/AndroidManifest.xml:171:13-174:29
190                <action android:name="android.intent.action.MAIN" />
190-->src/main/AndroidManifest.xml:172:17-68
190-->src/main/AndroidManifest.xml:172:25-66
191
192                <category android:name="android.intent.category.LAUNCHER" />
192-->src/main/AndroidManifest.xml:173:17-76
192-->src/main/AndroidManifest.xml:173:27-74
193            </intent-filter>
194        </activity>
195
196        <meta-data
196-->src/main/AndroidManifest.xml:179:9-180:35
197            android:name="dcloud_uninview_background"
197-->src/main/AndroidManifest.xml:179:20-61
198            android:value="true" />
198-->src/main/AndroidManifest.xml:180:13-33
199
200        <activity
200-->src/main/AndroidManifest.xml:183:9-207:20
201            android:name="io.dcloud.PandoraEntryActivity"
201-->src/main/AndroidManifest.xml:184:13-58
202            android:configChanges="orientation|keyboardHidden|screenSize|mcc|mnc|fontScale|keyboard"
202-->src/main/AndroidManifest.xml:186:13-101
203            android:hardwareAccelerated="true"
203-->src/main/AndroidManifest.xml:187:13-47
204            android:launchMode="singleTask"
204-->src/main/AndroidManifest.xml:185:13-44
205            android:permission="com.miui.securitycenter.permission.AppPermissionsEditor"
205-->src/main/AndroidManifest.xml:188:13-89
206            android:screenOrientation="user"
206-->src/main/AndroidManifest.xml:189:13-45
207            android:theme="@style/DCloudTheme"
207-->src/main/AndroidManifest.xml:190:13-47
208            android:windowSoftInputMode="adjustResize" >
208-->src/main/AndroidManifest.xml:191:13-55
209            <intent-filter>
209-->src/main/AndroidManifest.xml:193:13-206:29
210                <category android:name="android.intent.category.DEFAULT" />
210-->src/main/AndroidManifest.xml:163:17-75
210-->src/main/AndroidManifest.xml:163:27-73
211                <category android:name="android.intent.category.BROWSABLE" />
211-->src/main/AndroidManifest.xml:164:17-77
211-->src/main/AndroidManifest.xml:164:27-75
212
213                <action android:name="android.intent.action.VIEW" />
213-->src/main/AndroidManifest.xml:161:17-68
213-->src/main/AndroidManifest.xml:161:25-66
214
215                <data android:scheme="h56131bcf" />
215-->src/main/AndroidManifest.xml:160:17-50
215-->src/main/AndroidManifest.xml:160:23-48
216            </intent-filter>
217        </activity>
218
219        <meta-data
219-->src/main/AndroidManifest.xml:210:9-211:21
220            android:name="WX_APPID"
220-->src/main/AndroidManifest.xml:210:20-43
221            android:value="wx9a225b6a3a60b921" >
221-->src/main/AndroidManifest.xml:210:44-78
222        </meta-data>
223        <!-- <meta-data android:name="WX_SECRET" android:value="%微信开放平台申请应用的Secret%"> -->
224        <!-- </meta-data> -->
225        <activity
225-->src/main/AndroidManifest.xml:214:9-224:20
226            android:name="com.sureemed.hcp.wxapi.WXEntryActivity"
226-->src/main/AndroidManifest.xml:215:13-50
227            android:exported="true"
227-->src/main/AndroidManifest.xml:217:13-36
228            android:label="@string/app_name"
228-->src/main/AndroidManifest.xml:216:13-45
229            android:launchMode="singleTop" >
229-->src/main/AndroidManifest.xml:218:13-43
230            <intent-filter>
230-->src/main/AndroidManifest.xml:219:13-223:29
231                <action android:name="android.intent.action.VIEW" />
231-->src/main/AndroidManifest.xml:161:17-68
231-->src/main/AndroidManifest.xml:161:25-66
232
233                <category android:name="android.intent.category.DEFAULT" />
233-->src/main/AndroidManifest.xml:163:17-75
233-->src/main/AndroidManifest.xml:163:27-73
234
235                <data android:scheme="wx9a225b6a3a60b921" />
235-->src/main/AndroidManifest.xml:160:17-50
235-->src/main/AndroidManifest.xml:160:23-48
236            </intent-filter>
237        </activity>
238
239        <service
239-->[lib.5plus.base-release.aar] AndroidManifest.xml:160:9-162:40
240            android:name="io.dcloud.common.adapter.io.MiniServerService"
240-->[lib.5plus.base-release.aar] AndroidManifest.xml:161:13-73
241            android:exported="false" />
241-->[lib.5plus.base-release.aar] AndroidManifest.xml:162:13-37
242
243        <receiver android:name="io.dcloud.common.adapter.io.PushReceiver" >
243-->[lib.5plus.base-release.aar] AndroidManifest.xml:164:9-168:20
243-->[lib.5plus.base-release.aar] AndroidManifest.xml:164:19-74
244            <intent-filter>
244-->[lib.5plus.base-release.aar] AndroidManifest.xml:165:13-167:29
245                <action android:name="dcloud.push.broswer" />
245-->[lib.5plus.base-release.aar] AndroidManifest.xml:166:17-62
245-->[lib.5plus.base-release.aar] AndroidManifest.xml:166:25-59
246            </intent-filter>
247        </receiver>
248
249        <activity
249-->[lib.5plus.base-release.aar] AndroidManifest.xml:170:9-173:40
250            android:name="io.dcloud.imagepick.CustomGalleryActivity"
250-->[lib.5plus.base-release.aar] AndroidManifest.xml:171:13-69
251            android:exported="false"
251-->[lib.5plus.base-release.aar] AndroidManifest.xml:172:13-37
252            android:noHistory="true" />
252-->[lib.5plus.base-release.aar] AndroidManifest.xml:173:13-37
253        <activity
253-->[lib.5plus.base-release.aar] AndroidManifest.xml:174:9-177:58
254            android:name="io.dcloud.feature.nativeObj.photoview.PhotoActivity"
254-->[lib.5plus.base-release.aar] AndroidManifest.xml:175:13-79
255            android:noHistory="false"
255-->[lib.5plus.base-release.aar] AndroidManifest.xml:176:13-38
256            android:theme="@style/DeviceDefault.Light" />
256-->[lib.5plus.base-release.aar] AndroidManifest.xml:177:13-55
257        <activity
257-->[lib.5plus.base-release.aar] AndroidManifest.xml:178:9-199:20
258            android:name="io.dcloud.appstream.StreamAppMainActivity"
258-->[lib.5plus.base-release.aar] AndroidManifest.xml:179:13-69
259            android:configChanges="orientation|keyboardHidden|screenSize|mcc|mnc"
259-->[lib.5plus.base-release.aar] AndroidManifest.xml:180:13-82
260            android:exported="true"
260-->[lib.5plus.base-release.aar] AndroidManifest.xml:181:13-36
261            android:launchMode="singleTask"
261-->[lib.5plus.base-release.aar] AndroidManifest.xml:182:13-44
262            android:screenOrientation="portrait"
262-->[lib.5plus.base-release.aar] AndroidManifest.xml:183:13-49
263            android:taskAffinity=":list"
263-->[lib.5plus.base-release.aar] AndroidManifest.xml:184:13-41
264            android:theme="@android:style/Theme.Wallpaper.NoTitleBar"
264-->[lib.5plus.base-release.aar] AndroidManifest.xml:185:13-70
265            android:windowSoftInputMode="stateAlwaysHidden|adjustResize" >
265-->[lib.5plus.base-release.aar] AndroidManifest.xml:186:13-73
266            <intent-filter>
266-->[lib.5plus.base-release.aar] AndroidManifest.xml:187:13-189:29
267                <action android:name="android.intent.action.MAIN" />
267-->src/main/AndroidManifest.xml:172:17-68
267-->src/main/AndroidManifest.xml:172:25-66
268            </intent-filter>
269            <intent-filter>
269-->[lib.5plus.base-release.aar] AndroidManifest.xml:190:13-198:29
270                <data android:scheme="streamapp" />
270-->src/main/AndroidManifest.xml:160:17-50
270-->src/main/AndroidManifest.xml:160:23-48
271                <data android:scheme="streamappmain" />
271-->src/main/AndroidManifest.xml:160:17-50
271-->src/main/AndroidManifest.xml:160:23-48
272
273                <action android:name="android.intent.action.VIEW" />
273-->src/main/AndroidManifest.xml:161:17-68
273-->src/main/AndroidManifest.xml:161:25-66
274
275                <category android:name="android.intent.category.DEFAULT" />
275-->src/main/AndroidManifest.xml:163:17-75
275-->src/main/AndroidManifest.xml:163:27-73
276                <category android:name="android.intent.category.BROWSABLE" />
276-->src/main/AndroidManifest.xml:164:17-77
276-->src/main/AndroidManifest.xml:164:27-75
277            </intent-filter>
278        </activity>
279        <activity
279-->[lib.5plus.base-release.aar] AndroidManifest.xml:200:9-210:58
280            android:name="io.dcloud.WebAppActivity"
280-->[lib.5plus.base-release.aar] AndroidManifest.xml:201:13-52
281            android:configChanges="orientation|keyboardHidden|screenSize|mcc|mnc|fontScale"
281-->[lib.5plus.base-release.aar] AndroidManifest.xml:202:13-92
282            android:hardwareAccelerated="true"
282-->[lib.5plus.base-release.aar] AndroidManifest.xml:203:13-47
283            android:icon="@drawable/dcloud_recent"
283-->[lib.5plus.base-release.aar] AndroidManifest.xml:204:13-51
284            android:label="@string/stream_my"
284-->[lib.5plus.base-release.aar] AndroidManifest.xml:205:13-46
285            android:launchMode="singleTask"
285-->[lib.5plus.base-release.aar] AndroidManifest.xml:206:13-44
286            android:screenOrientation="portrait"
286-->[lib.5plus.base-release.aar] AndroidManifest.xml:207:13-49
287            android:taskAffinity=":stream"
287-->[lib.5plus.base-release.aar] AndroidManifest.xml:208:13-43
288            android:theme="@style/DCloudTheme"
288-->[lib.5plus.base-release.aar] AndroidManifest.xml:209:13-47
289            android:windowSoftInputMode="adjustResize" />
289-->[lib.5plus.base-release.aar] AndroidManifest.xml:210:13-55
290
291        <service android:name="io.dcloud.streamdownload.DownloadService" >
291-->[lib.5plus.base-release.aar] AndroidManifest.xml:212:9-216:19
291-->[lib.5plus.base-release.aar] AndroidManifest.xml:212:18-73
292            <intent-filter>
292-->[lib.5plus.base-release.aar] AndroidManifest.xml:213:13-215:29
293                <action android:name="com.qihoo.life.plugin.streamapp.ACTION_PUSH_TO_PLUGIN" />
293-->[lib.5plus.base-release.aar] AndroidManifest.xml:214:17-96
293-->[lib.5plus.base-release.aar] AndroidManifest.xml:214:25-93
294            </intent-filter>
295        </service>
296        <service android:name="io.dcloud.multiprocess.service.MultiProcessService" />
296-->[lib.5plus.base-release.aar] AndroidManifest.xml:217:9-86
296-->[lib.5plus.base-release.aar] AndroidManifest.xml:217:18-83
297
298        <activity
298-->[lib.5plus.base-release.aar] AndroidManifest.xml:219:9-230:58
299            android:name="io.dcloud.multiprocess.activity.WebAppActivity1"
299-->[lib.5plus.base-release.aar] AndroidManifest.xml:220:13-75
300            android:configChanges="orientation|keyboardHidden|screenSize|mcc|mnc"
300-->[lib.5plus.base-release.aar] AndroidManifest.xml:221:13-82
301            android:hardwareAccelerated="true"
301-->[lib.5plus.base-release.aar] AndroidManifest.xml:222:13-47
302            android:icon="@drawable/dcloud_recent"
302-->[lib.5plus.base-release.aar] AndroidManifest.xml:223:13-51
303            android:label="@string/stream_my"
303-->[lib.5plus.base-release.aar] AndroidManifest.xml:224:13-46
304            android:launchMode="singleTask"
304-->[lib.5plus.base-release.aar] AndroidManifest.xml:225:13-44
305            android:process="io.dcloud.multiprocess.webapp1"
305-->[lib.5plus.base-release.aar] AndroidManifest.xml:226:13-61
306            android:screenOrientation="portrait"
306-->[lib.5plus.base-release.aar] AndroidManifest.xml:227:13-49
307            android:taskAffinity=":webapp1"
307-->[lib.5plus.base-release.aar] AndroidManifest.xml:228:13-44
308            android:theme="@style/DCloudTheme"
308-->[lib.5plus.base-release.aar] AndroidManifest.xml:229:13-47
309            android:windowSoftInputMode="adjustResize" />
309-->[lib.5plus.base-release.aar] AndroidManifest.xml:230:13-55
310        <activity
310-->[lib.5plus.base-release.aar] AndroidManifest.xml:231:9-237:20
311            android:name="io.dcloud.appstream.OpenStreamAppTransferActivity"
311-->[lib.5plus.base-release.aar] AndroidManifest.xml:232:13-77
312            android:configChanges="orientation|keyboardHidden|screenSize|mcc|mnc"
312-->[lib.5plus.base-release.aar] AndroidManifest.xml:233:13-82
313            android:screenOrientation="portrait"
313-->[lib.5plus.base-release.aar] AndroidManifest.xml:234:13-49
314            android:theme="@style/OpenStreamAppTransferActivityTheme"
314-->[lib.5plus.base-release.aar] AndroidManifest.xml:235:13-70
315            android:windowSoftInputMode="stateAlwaysHidden|adjustResize" >
315-->[lib.5plus.base-release.aar] AndroidManifest.xml:236:13-73
316        </activity>
317
318        <meta-data
318-->[lib.5plus.base-release.aar] AndroidManifest.xml:239:9-241:33
319            android:name="MultiProcessCount"
319-->[lib.5plus.base-release.aar] AndroidManifest.xml:240:13-45
320            android:value="1" />
320-->[lib.5plus.base-release.aar] AndroidManifest.xml:241:13-30
321
322        <activity
322-->[lib.5plus.base-release.aar] AndroidManifest.xml:243:9-249:75
323            android:name="io.dcloud.ProcessMediator"
323-->[lib.5plus.base-release.aar] AndroidManifest.xml:244:13-53
324            android:excludeFromRecents="true"
324-->[lib.5plus.base-release.aar] AndroidManifest.xml:245:13-46
325            android:exported="true"
325-->[lib.5plus.base-release.aar] AndroidManifest.xml:246:13-36
326            android:label="@string/app_name"
326-->[lib.5plus.base-release.aar] AndroidManifest.xml:247:13-45
327            android:launchMode="singleTop"